{"/home/joao/Documents/Projetos Driven/projeto21-sing-me-a-song/sing-me-a-song/projeto21-sing-me-a-song-back-end/back-end/src/app.ts": {"path":"/home/joao/Documents/Projetos Driven/projeto21-sing-me-a-song/sing-me-a-song/projeto21-sing-me-a-song-back-end/back-end/src/app.ts","statementMap":{"0":{"start":{"line":1,"column":0},"end":{"line":1,"column":24}},"1":{"start":{"line":2,"column":0},"end":{"line":2,"column":30}},"2":{"start":{"line":3,"column":0},"end":{"line":3,"column":30}},"3":{"start":{"line":4,"column":0},"end":{"line":4,"column":81}},"4":{"start":{"line":5,"column":0},"end":{"line":5,"column":69}},"5":{"start":{"line":7,"column":12},"end":{"line":7,"column":21}},"6":{"start":{"line":8,"column":0},"end":{"line":8,"column":16}},"7":{"start":{"line":9,"column":0},"end":{"line":9,"column":24}},"8":{"start":{"line":11,"column":0},"end":{"line":11,"column":50}},"9":{"start":{"line":12,"column":0},"end":{"line":12,"column":32}},"10":{"start":{"line":14,"column":0},"end":{"line":14,"column":19}}},"fnMap":{},"branchMap":{},"s":{"0":1,"1":1,"2":1,"3":1,"4":1,"5":1,"6":1,"7":1,"8":1,"9":1,"10":1},"f":{},"b":{}}
,"/home/joao/Documents/Projetos Driven/projeto21-sing-me-a-song/sing-me-a-song/projeto21-sing-me-a-song-back-end/back-end/src/controllers/recommendationController.ts": {"path":"/home/joao/Documents/Projetos Driven/projeto21-sing-me-a-song/sing-me-a-song/projeto21-sing-me-a-song-back-end/back-end/src/controllers/recommendationController.ts","statementMap":{"0":{"start":{"line":2,"column":0},"end":{"line":2,"column":76}},"1":{"start":{"line":3,"column":0},"end":{"line":3,"column":79}},"2":{"start":{"line":4,"column":0},"end":{"line":4,"column":78}},"3":{"start":{"line":5,"column":0},"end":{"line":5,"column":58}},"4":{"start":{"line":8,"column":21},"end":{"line":8,"column":60}},"5":{"start":{"line":9,"column":2},"end":{"line":11,"column":null}},"6":{"start":{"line":10,"column":4},"end":{"line":10,"column":29}},"7":{"start":{"line":13,"column":2},"end":{"line":13,"column":47}},"8":{"start":{"line":15,"column":2},"end":{"line":15,"column":22}},"9":{"start":{"line":19,"column":17},"end":{"line":19,"column":27}},"10":{"start":{"line":21,"column":2},"end":{"line":21,"column":42}},"11":{"start":{"line":23,"column":2},"end":{"line":23,"column":22}},"12":{"start":{"line":27,"column":17},"end":{"line":27,"column":27}},"13":{"start":{"line":29,"column":2},"end":{"line":29,"column":44}},"14":{"start":{"line":31,"column":2},"end":{"line":31,"column":22}},"15":{"start":{"line":35,"column":31},"end":{"line":35,"column":70}},"16":{"start":{"line":37,"column":2},"end":{"line":37,"column":33}},"17":{"start":{"line":41,"column":26},"end":{"line":41,"column":59}},"18":{"start":{"line":42,"column":2},"end":{"line":42,"column":28}},"19":{"start":{"line":46,"column":21},"end":{"line":46,"column":31}},"20":{"start":{"line":48,"column":26},"end":{"line":48,"column":69}},"21":{"start":{"line":49,"column":2},"end":{"line":49,"column":28}},"22":{"start":{"line":53,"column":17},"end":{"line":53,"column":27}},"23":{"start":{"line":55,"column":25},"end":{"line":55,"column":66}},"24":{"start":{"line":56,"column":2},"end":{"line":56,"column":27}},"25":{"start":{"line":59,"column":13},"end":{"line":67,"column":2}}},"fnMap":{"0":{"name":"insert","decl":{"start":{"line":7,"column":15},"end":{"line":7,"column":21}},"loc":{"start":{"line":7,"column":49},"end":{"line":16,"column":null}}},"1":{"name":"upvote","decl":{"start":{"line":18,"column":15},"end":{"line":18,"column":21}},"loc":{"start":{"line":18,"column":49},"end":{"line":24,"column":null}}},"2":{"name":"downvote","decl":{"start":{"line":26,"column":15},"end":{"line":26,"column":23}},"loc":{"start":{"line":26,"column":51},"end":{"line":32,"column":null}}},"3":{"name":"random","decl":{"start":{"line":34,"column":15},"end":{"line":34,"column":21}},"loc":{"start":{"line":34,"column":49},"end":{"line":38,"column":null}}},"4":{"name":"get","decl":{"start":{"line":40,"column":15},"end":{"line":40,"column":18}},"loc":{"start":{"line":40,"column":46},"end":{"line":43,"column":null}}},"5":{"name":"getTop","decl":{"start":{"line":45,"column":15},"end":{"line":45,"column":21}},"loc":{"start":{"line":45,"column":49},"end":{"line":50,"column":null}}},"6":{"name":"getById","decl":{"start":{"line":52,"column":15},"end":{"line":52,"column":22}},"loc":{"start":{"line":52,"column":50},"end":{"line":57,"column":null}}}},"branchMap":{"0":{"loc":{"start":{"line":9,"column":2},"end":{"line":11,"column":null}},"type":"if","locations":[{"start":{"line":9,"column":2},"end":{"line":11,"column":null}}]}},"s":{"0":1,"1":1,"2":1,"3":1,"4":9,"5":9,"6":1,"7":8,"8":7,"9":2,"10":2,"11":1,"12":8,"13":8,"14":7,"15":4001,"16":4000,"17":1,"18":1,"19":2,"20":2,"21":2,"22":2,"23":2,"24":1,"25":1},"f":{"0":9,"1":2,"2":8,"3":4001,"4":1,"5":2,"6":2},"b":{"0":[1]}}
,"/home/joao/Documents/Projetos Driven/projeto21-sing-me-a-song/sing-me-a-song/projeto21-sing-me-a-song-back-end/back-end/src/routers/recommendationRouter.ts": {"path":"/home/joao/Documents/Projetos Driven/projeto21-sing-me-a-song/sing-me-a-song/projeto21-sing-me-a-song-back-end/back-end/src/routers/recommendationRouter.ts","statementMap":{"0":{"start":{"line":1,"column":0},"end":{"line":1,"column":33}},"1":{"start":{"line":2,"column":0},"end":{"line":2,"column":86}},"2":{"start":{"line":4,"column":29},"end":{"line":4,"column":37}},"3":{"start":{"line":6,"column":0},"end":{"line":6,"column":64}},"4":{"start":{"line":7,"column":0},"end":{"line":7,"column":60}},"5":{"start":{"line":8,"column":0},"end":{"line":8,"column":69}},"6":{"start":{"line":9,"column":0},"end":{"line":9,"column":74}},"7":{"start":{"line":10,"column":0},"end":{"line":10,"column":67}},"8":{"start":{"line":11,"column":0},"end":{"line":11,"column":74}},"9":{"start":{"line":12,"column":0},"end":{"line":12,"column":78}},"10":{"start":{"line":14,"column":0},"end":{"line":14,"column":36}}},"fnMap":{},"branchMap":{},"s":{"0":1,"1":1,"2":1,"3":1,"4":1,"5":1,"6":1,"7":1,"8":1,"9":1,"10":1},"f":{},"b":{}}
,"/home/joao/Documents/Projetos Driven/projeto21-sing-me-a-song/sing-me-a-song/projeto21-sing-me-a-song-back-end/back-end/src/schemas/recommendationsSchemas.ts": {"path":"/home/joao/Documents/Projetos Driven/projeto21-sing-me-a-song/sing-me-a-song/projeto21-sing-me-a-song-back-end/back-end/src/schemas/recommendationsSchemas.ts","statementMap":{"0":{"start":{"line":1,"column":0},"end":{"line":1,"column":22}},"1":{"start":{"line":4,"column":25},"end":{"line":4,"column":78}},"2":{"start":{"line":6,"column":13},"end":{"line":9,"column":3}}},"fnMap":{},"branchMap":{},"s":{"0":1,"1":1,"2":1},"f":{},"b":{}}
,"/home/joao/Documents/Projetos Driven/projeto21-sing-me-a-song/sing-me-a-song/projeto21-sing-me-a-song-back-end/back-end/src/services/recommendationService2.ts": {"path":"/home/joao/Documents/Projetos Driven/projeto21-sing-me-a-song/sing-me-a-song/projeto21-sing-me-a-song-back-end/back-end/src/services/recommendationService2.ts","statementMap":{"0":{"start":{"line":1,"column":0},"end":{"line":1,"column":87}},"1":{"start":{"line":2,"column":0},"end":{"line":2,"column":55}},"2":{"start":{"line":5,"column":28},"end":{"line":8,"column":6}},"3":{"start":{"line":9,"column":4},"end":{"line":11,"column":null}},"4":{"start":{"line":10,"column":6},"end":{"line":10,"column":29}},"5":{"start":{"line":13,"column":4},"end":{"line":13,"column":46}},"6":{"start":{"line":4,"column":0},"end":{"line":4,"column":22}},"7":{"start":{"line":17,"column":4},"end":{"line":19,"column":null}},"8":{"start":{"line":18,"column":6},"end":{"line":18,"column":18}},"9":{"start":{"line":21,"column":4},"end":{"line":21,"column":17}},"10":{"start":{"line":16,"column":2},"end":{"line":16,"column":18}},"11":{"start":{"line":25,"column":27},"end":{"line":25,"column":66}},"12":{"start":{"line":26,"column":4},"end":{"line":26,"column":47}},"13":{"start":{"line":26,"column":25},"end":{"line":26,"column":47}},"14":{"start":{"line":28,"column":4},"end":{"line":28,"column":26}},"15":{"start":{"line":31,"column":15},"end":{"line":35,"column":4}}},"fnMap":{"0":{"name":"getByScore","decl":{"start":{"line":4,"column":22},"end":{"line":4,"column":32}},"loc":{"start":{"line":4,"column":58},"end":{"line":14,"column":43}}},"1":{"name":"getScoreFilter","decl":{"start":{"line":16,"column":18},"end":{"line":16,"column":32}},"loc":{"start":{"line":16,"column":47},"end":{"line":22,"column":3}}},"2":{"name":"getByIdOrFail","decl":{"start":{"line":24,"column":17},"end":{"line":24,"column":30}},"loc":{"start":{"line":24,"column":41},"end":{"line":29,"column":4}}}},"branchMap":{"0":{"loc":{"start":{"line":9,"column":4},"end":{"line":11,"column":null}},"type":"if","locations":[{"start":{"line":9,"column":4},"end":{"line":11,"column":null}}]},"1":{"loc":{"start":{"line":17,"column":4},"end":{"line":19,"column":null}},"type":"if","locations":[{"start":{"line":17,"column":4},"end":{"line":19,"column":null}}]},"2":{"loc":{"start":{"line":26,"column":4},"end":{"line":26,"column":47}},"type":"if","locations":[{"start":{"line":26,"column":4},"end":{"line":26,"column":47}}]}},"s":{"0":2,"1":2,"2":4006,"3":4006,"4":3003,"5":1003,"6":2,"7":4003,"8":2790,"9":1213,"10":2,"11":14,"12":14,"13":4,"14":10,"15":2},"f":{"0":4006,"1":4003,"2":14},"b":{"0":[3003],"1":[2790],"2":[4]}}
,"/home/joao/Documents/Projetos Driven/projeto21-sing-me-a-song/sing-me-a-song/projeto21-sing-me-a-song-back-end/back-end/src/services/recommendationsService.ts": {"path":"/home/joao/Documents/Projetos Driven/projeto21-sing-me-a-song/sing-me-a-song/projeto21-sing-me-a-song-back-end/back-end/src/services/recommendationsService.ts","statementMap":{"0":{"start":{"line":2,"column":0},"end":{"line":2,"column":87}},"1":{"start":{"line":3,"column":0},"end":{"line":3,"column":70}},"2":{"start":{"line":4,"column":0},"end":{"line":4,"column":69}},"3":{"start":{"line":11,"column":33},"end":{"line":12,"column":null}},"4":{"start":{"line":14,"column":2},"end":{"line":15,"column":64}},"5":{"start":{"line":15,"column":4},"end":{"line":15,"column":64}},"6":{"start":{"line":17,"column":2},"end":{"line":17,"column":66}},"7":{"start":{"line":21,"column":2},"end":{"line":21,"column":43}},"8":{"start":{"line":23,"column":2},"end":{"line":23,"column":62}},"9":{"start":{"line":27,"column":2},"end":{"line":27,"column":43}},"10":{"start":{"line":29,"column":32},"end":{"line":31,"column":null}},"11":{"start":{"line":34,"column":2},"end":{"line":36,"column":null}},"12":{"start":{"line":35,"column":4},"end":{"line":35,"column":46}},"13":{"start":{"line":40,"column":2},"end":{"line":40,"column":44}},"14":{"start":{"line":44,"column":2},"end":{"line":44,"column":59}},"15":{"start":{"line":48,"column":17},"end":{"line":48,"column":30}},"16":{"start":{"line":49,"column":22},"end":{"line":49,"column":73}},"17":{"start":{"line":51,"column":26},"end":{"line":51,"column":78}},"18":{"start":{"line":52,"column":2},"end":{"line":54,"column":null}},"19":{"start":{"line":53,"column":4},"end":{"line":53,"column":26}},"20":{"start":{"line":55,"column":23},"end":{"line":55,"column":73}},"21":{"start":{"line":56,"column":2},"end":{"line":56,"column":38}},"22":{"start":{"line":61,"column":13},"end":{"line":68,"column":2}}},"fnMap":{"0":{"name":"insert","decl":{"start":{"line":10,"column":15},"end":{"line":10,"column":21}},"loc":{"start":{"line":10,"column":72},"end":{"line":18,"column":2}}},"1":{"name":"upvote","decl":{"start":{"line":20,"column":15},"end":{"line":20,"column":21}},"loc":{"start":{"line":20,"column":32},"end":{"line":24,"column":null}}},"2":{"name":"downvote","decl":{"start":{"line":26,"column":15},"end":{"line":26,"column":23}},"loc":{"start":{"line":26,"column":34},"end":{"line":37,"column":null}}},"3":{"name":"get","decl":{"start":{"line":39,"column":15},"end":{"line":39,"column":18}},"loc":{"start":{"line":39,"column":18},"end":{"line":41,"column":2}}},"4":{"name":"getTop","decl":{"start":{"line":43,"column":15},"end":{"line":43,"column":21}},"loc":{"start":{"line":43,"column":36},"end":{"line":45,"column":5}}},"5":{"name":"getRandom","decl":{"start":{"line":47,"column":15},"end":{"line":47,"column":24}},"loc":{"start":{"line":47,"column":24},"end":{"line":57,"column":5}}}},"branchMap":{"0":{"loc":{"start":{"line":14,"column":2},"end":{"line":15,"column":64}},"type":"if","locations":[{"start":{"line":14,"column":2},"end":{"line":15,"column":64}}]},"1":{"loc":{"start":{"line":34,"column":2},"end":{"line":36,"column":null}},"type":"if","locations":[{"start":{"line":34,"column":2},"end":{"line":36,"column":null}}]},"2":{"loc":{"start":{"line":52,"column":2},"end":{"line":54,"column":null}},"type":"if","locations":[{"start":{"line":52,"column":2},"end":{"line":54,"column":null}}]}},"s":{"0":2,"1":2,"2":2,"3":10,"4":10,"5":2,"6":8,"7":4,"8":2,"9":11,"10":9,"11":9,"12":2,"13":2,"14":3,"15":4003,"16":4003,"17":4003,"18":4003,"19":2,"20":4001,"21":4001,"22":2},"f":{"0":10,"1":4,"2":11,"3":2,"4":3,"5":4003},"b":{"0":[2],"1":[2],"2":[2]}}
}
