TN:
SF:src/app.ts
FNF:0
FNH:0
DA:1,1
DA:2,1
DA:3,1
DA:4,1
DA:5,1
DA:6,1
DA:7,1
DA:9,1
DA:11,1
DA:12,1
DA:13,1
DA:14,1
DA:15,1
DA:16,1
DA:18,1
DA:20,1
LF:16
LH:16
BRDA:15,0,0,1
BRF:1
BRH:1
end_of_record
TN:
SF:src/controllers/recommendationController.ts
FN:7,insert
FN:18,upvote
FN:26,downvote
FN:34,random
FN:40,get
FN:45,getTop
FN:52,getById
FNF:7
FNH:7
FNDA:9,insert
FNDA:2,upvote
FNDA:8,downvote
FNDA:4001,random
FNDA:1,get
FNDA:2,getTop
FNDA:2,getById
DA:2,1
DA:3,1
DA:4,1
DA:5,1
DA:8,9
DA:9,9
DA:10,1
DA:13,8
DA:15,7
DA:19,2
DA:21,2
DA:23,1
DA:27,8
DA:29,8
DA:31,7
DA:35,4001
DA:37,4000
DA:41,1
DA:42,1
DA:46,2
DA:48,2
DA:49,2
DA:53,2
DA:55,2
DA:56,1
DA:59,1
LF:26
LH:26
BRDA:9,0,0,1
BRF:1
BRH:1
end_of_record
TN:
SF:src/routers/recommendationRouter.ts
FNF:0
FNH:0
DA:1,1
DA:2,1
DA:4,1
DA:6,1
DA:7,1
DA:8,1
DA:9,1
DA:10,1
DA:11,1
DA:12,1
DA:14,1
LF:11
LH:11
BRF:0
BRH:0
end_of_record
TN:
SF:src/routers/testsRouter.ts
FNF:0
FNH:0
DA:1,1
DA:2,1
DA:4,1
DA:6,1
DA:7,1
DA:9,1
LF:6
LH:6
BRF:0
BRH:0
end_of_record
TN:
SF:src/schemas/recommendationsSchemas.ts
FNF:0
FNH:0
DA:1,1
DA:4,1
DA:6,1
LF:3
LH:3
BRF:0
BRH:0
end_of_record
TN:
SF:src/services/recommendationService2.ts
FN:4,getByScore
FN:16,getScoreFilter
FN:24,getByIdOrFail
FNF:3
FNH:3
FNDA:4006,getByScore
FNDA:4003,getScoreFilter
FNDA:14,getByIdOrFail
DA:1,2
DA:2,2
DA:4,2
DA:5,4006
DA:9,4006
DA:10,2994
DA:13,1012
DA:16,2
DA:17,4003
DA:18,2815
DA:21,1188
DA:25,14
DA:26,14
DA:28,10
DA:31,2
LF:15
LH:15
BRDA:9,0,0,2994
BRDA:17,1,0,2815
BRDA:26,2,0,4
BRF:3
BRH:3
end_of_record
TN:
SF:src/services/recommendationsService.ts
FN:10,insert
FN:20,upvote
FN:26,downvote
FN:39,get
FN:43,getTop
FN:47,getRandom
FNF:6
FNH:6
FNDA:10,insert
FNDA:4,upvote
FNDA:11,downvote
FNDA:2,get
FNDA:3,getTop
FNDA:4003,getRandom
DA:2,2
DA:3,2
DA:4,2
DA:11,10
DA:14,10
DA:15,2
DA:17,8
DA:21,4
DA:23,2
DA:27,11
DA:29,9
DA:34,9
DA:35,2
DA:40,2
DA:44,3
DA:48,4003
DA:49,4003
DA:51,4003
DA:52,4003
DA:53,2
DA:55,4001
DA:56,4001
DA:61,2
LF:23
LH:23
BRDA:14,0,0,2
BRDA:34,1,0,2
BRDA:52,2,0,2
BRF:3
BRH:3
end_of_record
