{"/home/joao/Documents/Projetos Driven/projeto21-sing-me-a-song/sing-me-a-song/projeto21-sing-me-a-song-back-end/src/services/recommendationService2.ts": {"path":"/home/joao/Documents/Projetos Driven/projeto21-sing-me-a-song/sing-me-a-song/projeto21-sing-me-a-song-back-end/src/services/recommendationService2.ts","statementMap":{"0":{"start":{"line":1,"column":0},"end":{"line":1,"column":87}},"1":{"start":{"line":2,"column":0},"end":{"line":2,"column":55}},"2":{"start":{"line":5,"column":28},"end":{"line":8,"column":6}},"3":{"start":{"line":9,"column":4},"end":{"line":11,"column":null}},"4":{"start":{"line":10,"column":6},"end":{"line":10,"column":29}},"5":{"start":{"line":13,"column":4},"end":{"line":13,"column":46}},"6":{"start":{"line":4,"column":0},"end":{"line":4,"column":22}},"7":{"start":{"line":17,"column":4},"end":{"line":19,"column":null}},"8":{"start":{"line":18,"column":6},"end":{"line":18,"column":18}},"9":{"start":{"line":21,"column":4},"end":{"line":21,"column":17}},"10":{"start":{"line":16,"column":2},"end":{"line":16,"column":18}},"11":{"start":{"line":25,"column":27},"end":{"line":25,"column":66}},"12":{"start":{"line":26,"column":4},"end":{"line":26,"column":47}},"13":{"start":{"line":26,"column":25},"end":{"line":26,"column":47}},"14":{"start":{"line":28,"column":4},"end":{"line":28,"column":26}},"15":{"start":{"line":31,"column":15},"end":{"line":35,"column":4}}},"fnMap":{"0":{"name":"getByScore","decl":{"start":{"line":4,"column":22},"end":{"line":4,"column":32}},"loc":{"start":{"line":4,"column":58},"end":{"line":14,"column":43}}},"1":{"name":"getScoreFilter","decl":{"start":{"line":16,"column":18},"end":{"line":16,"column":32}},"loc":{"start":{"line":16,"column":47},"end":{"line":22,"column":3}}},"2":{"name":"getByIdOrFail","decl":{"start":{"line":24,"column":17},"end":{"line":24,"column":30}},"loc":{"start":{"line":24,"column":41},"end":{"line":29,"column":4}}}},"branchMap":{"0":{"loc":{"start":{"line":9,"column":4},"end":{"line":11,"column":null}},"type":"if","locations":[{"start":{"line":9,"column":4},"end":{"line":11,"column":null}}]},"1":{"loc":{"start":{"line":17,"column":4},"end":{"line":19,"column":null}},"type":"if","locations":[{"start":{"line":17,"column":4},"end":{"line":19,"column":null}}]},"2":{"loc":{"start":{"line":26,"column":4},"end":{"line":26,"column":47}},"type":"if","locations":[{"start":{"line":26,"column":4},"end":{"line":26,"column":47}}]}},"s":{"0":1,"1":1,"2":5,"3":5,"4":2,"5":3,"6":1,"7":2,"8":1,"9":1,"10":1,"11":3,"12":3,"13":2,"14":1,"15":1},"f":{"0":5,"1":2,"2":3},"b":{"0":[2],"1":[1],"2":[2]}}
,"/home/joao/Documents/Projetos Driven/projeto21-sing-me-a-song/sing-me-a-song/projeto21-sing-me-a-song-back-end/src/services/recommendationsService.ts": {"path":"/home/joao/Documents/Projetos Driven/projeto21-sing-me-a-song/sing-me-a-song/projeto21-sing-me-a-song-back-end/src/services/recommendationsService.ts","statementMap":{"0":{"start":{"line":2,"column":0},"end":{"line":2,"column":87}},"1":{"start":{"line":3,"column":0},"end":{"line":3,"column":70}},"2":{"start":{"line":4,"column":0},"end":{"line":4,"column":69}},"3":{"start":{"line":11,"column":33},"end":{"line":12,"column":null}},"4":{"start":{"line":14,"column":2},"end":{"line":15,"column":64}},"5":{"start":{"line":15,"column":4},"end":{"line":15,"column":64}},"6":{"start":{"line":17,"column":2},"end":{"line":17,"column":66}},"7":{"start":{"line":21,"column":2},"end":{"line":21,"column":43}},"8":{"start":{"line":23,"column":2},"end":{"line":23,"column":62}},"9":{"start":{"line":27,"column":2},"end":{"line":27,"column":43}},"10":{"start":{"line":29,"column":32},"end":{"line":31,"column":null}},"11":{"start":{"line":34,"column":2},"end":{"line":36,"column":null}},"12":{"start":{"line":35,"column":4},"end":{"line":35,"column":46}},"13":{"start":{"line":40,"column":2},"end":{"line":40,"column":44}},"14":{"start":{"line":44,"column":2},"end":{"line":44,"column":59}},"15":{"start":{"line":48,"column":17},"end":{"line":48,"column":30}},"16":{"start":{"line":49,"column":22},"end":{"line":49,"column":73}},"17":{"start":{"line":51,"column":26},"end":{"line":51,"column":78}},"18":{"start":{"line":52,"column":2},"end":{"line":54,"column":null}},"19":{"start":{"line":53,"column":4},"end":{"line":53,"column":26}},"20":{"start":{"line":55,"column":23},"end":{"line":55,"column":73}},"21":{"start":{"line":56,"column":2},"end":{"line":56,"column":38}},"22":{"start":{"line":61,"column":13},"end":{"line":68,"column":2}}},"fnMap":{"0":{"name":"insert","decl":{"start":{"line":10,"column":15},"end":{"line":10,"column":21}},"loc":{"start":{"line":10,"column":72},"end":{"line":18,"column":2}}},"1":{"name":"upvote","decl":{"start":{"line":20,"column":15},"end":{"line":20,"column":21}},"loc":{"start":{"line":20,"column":32},"end":{"line":24,"column":null}}},"2":{"name":"downvote","decl":{"start":{"line":26,"column":15},"end":{"line":26,"column":23}},"loc":{"start":{"line":26,"column":34},"end":{"line":37,"column":null}}},"3":{"name":"get","decl":{"start":{"line":39,"column":15},"end":{"line":39,"column":18}},"loc":{"start":{"line":39,"column":18},"end":{"line":41,"column":2}}},"4":{"name":"getTop","decl":{"start":{"line":43,"column":15},"end":{"line":43,"column":21}},"loc":{"start":{"line":43,"column":36},"end":{"line":45,"column":5}}},"5":{"name":"getRandom","decl":{"start":{"line":47,"column":15},"end":{"line":47,"column":24}},"loc":{"start":{"line":47,"column":24},"end":{"line":57,"column":5}}}},"branchMap":{"0":{"loc":{"start":{"line":14,"column":2},"end":{"line":15,"column":64}},"type":"if","locations":[{"start":{"line":14,"column":2},"end":{"line":15,"column":64}}]},"1":{"loc":{"start":{"line":34,"column":2},"end":{"line":36,"column":null}},"type":"if","locations":[{"start":{"line":34,"column":2},"end":{"line":36,"column":null}}]},"2":{"loc":{"start":{"line":52,"column":2},"end":{"line":54,"column":null}},"type":"if","locations":[{"start":{"line":52,"column":2},"end":{"line":54,"column":null}}]}},"s":{"0":1,"1":1,"2":1,"3":2,"4":2,"5":1,"6":1,"7":1,"8":0,"9":0,"10":0,"11":0,"12":0,"13":1,"14":1,"15":2,"16":2,"17":2,"18":2,"19":1,"20":1,"21":1,"22":1},"f":{"0":2,"1":1,"2":0,"3":1,"4":1,"5":2},"b":{"0":[1],"1":[0],"2":[1]}}
}
