{"/home/joao/Documents/Projetos Driven/projeto21-sing-me-a-song/sing-me-a-song/projeto21-sing-me-a-song-back-end/src/services/recommendationService2.ts": {"path":"/home/joao/Documents/Projetos Driven/projeto21-sing-me-a-song/sing-me-a-song/projeto21-sing-me-a-song-back-end/src/services/recommendationService2.ts","statementMap":{"0":{"start":{"line":1,"column":0},"end":{"line":1,"column":87}},"1":{"start":{"line":4,"column":28},"end":{"line":7,"column":6}},"2":{"start":{"line":8,"column":4},"end":{"line":10,"column":null}},"3":{"start":{"line":9,"column":6},"end":{"line":9,"column":29}},"4":{"start":{"line":12,"column":4},"end":{"line":12,"column":46}},"5":{"start":{"line":3,"column":0},"end":{"line":3,"column":22}},"6":{"start":{"line":16,"column":4},"end":{"line":18,"column":null}},"7":{"start":{"line":17,"column":6},"end":{"line":17,"column":18}},"8":{"start":{"line":20,"column":4},"end":{"line":20,"column":17}},"9":{"start":{"line":15,"column":2},"end":{"line":15,"column":18}},"10":{"start":{"line":23,"column":15},"end":{"line":26,"column":4}}},"fnMap":{"0":{"name":"getByScore","decl":{"start":{"line":3,"column":22},"end":{"line":3,"column":32}},"loc":{"start":{"line":3,"column":58},"end":{"line":13,"column":43}}},"1":{"name":"getScoreFilter","decl":{"start":{"line":15,"column":18},"end":{"line":15,"column":32}},"loc":{"start":{"line":15,"column":47},"end":{"line":21,"column":3}}}},"branchMap":{"0":{"loc":{"start":{"line":8,"column":4},"end":{"line":10,"column":null}},"type":"if","locations":[{"start":{"line":8,"column":4},"end":{"line":10,"column":null}}]},"1":{"loc":{"start":{"line":16,"column":4},"end":{"line":18,"column":null}},"type":"if","locations":[{"start":{"line":16,"column":4},"end":{"line":18,"column":null}}]}},"s":{"0":1,"1":5,"2":5,"3":2,"4":3,"5":1,"6":2,"7":1,"8":1,"9":1,"10":1},"f":{"0":5,"1":2},"b":{"0":[2],"1":[1]}}
,"/home/joao/Documents/Projetos Driven/projeto21-sing-me-a-song/sing-me-a-song/projeto21-sing-me-a-song-back-end/src/services/recommendationsService.ts": {"path":"/home/joao/Documents/Projetos Driven/projeto21-sing-me-a-song/sing-me-a-song/projeto21-sing-me-a-song-back-end/src/services/recommendationsService.ts","statementMap":{"0":{"start":{"line":2,"column":0},"end":{"line":2,"column":87}},"1":{"start":{"line":3,"column":0},"end":{"line":3,"column":70}},"2":{"start":{"line":4,"column":0},"end":{"line":4,"column":69}},"3":{"start":{"line":11,"column":33},"end":{"line":12,"column":null}},"4":{"start":{"line":14,"column":2},"end":{"line":15,"column":64}},"5":{"start":{"line":15,"column":4},"end":{"line":15,"column":64}},"6":{"start":{"line":17,"column":2},"end":{"line":17,"column":66}},"7":{"start":{"line":21,"column":2},"end":{"line":21,"column":26}},"8":{"start":{"line":23,"column":2},"end":{"line":23,"column":62}},"9":{"start":{"line":27,"column":2},"end":{"line":27,"column":26}},"10":{"start":{"line":29,"column":32},"end":{"line":31,"column":null}},"11":{"start":{"line":34,"column":2},"end":{"line":36,"column":null}},"12":{"start":{"line":35,"column":4},"end":{"line":35,"column":46}},"13":{"start":{"line":40,"column":25},"end":{"line":40,"column":64}},"14":{"start":{"line":41,"column":2},"end":{"line":41,"column":45}},"15":{"start":{"line":41,"column":23},"end":{"line":41,"column":45}},"16":{"start":{"line":43,"column":2},"end":{"line":43,"column":24}},"17":{"start":{"line":47,"column":2},"end":{"line":47,"column":44}},"18":{"start":{"line":51,"column":2},"end":{"line":51,"column":59}},"19":{"start":{"line":55,"column":17},"end":{"line":55,"column":30}},"20":{"start":{"line":56,"column":22},"end":{"line":56,"column":73}},"21":{"start":{"line":58,"column":26},"end":{"line":58,"column":78}},"22":{"start":{"line":59,"column":2},"end":{"line":61,"column":null}},"23":{"start":{"line":60,"column":4},"end":{"line":60,"column":26}},"24":{"start":{"line":62,"column":23},"end":{"line":62,"column":73}},"25":{"start":{"line":63,"column":2},"end":{"line":63,"column":38}},"26":{"start":{"line":68,"column":13},"end":{"line":76,"column":2}}},"fnMap":{"0":{"name":"insert","decl":{"start":{"line":10,"column":15},"end":{"line":10,"column":21}},"loc":{"start":{"line":10,"column":72},"end":{"line":18,"column":2}}},"1":{"name":"upvote","decl":{"start":{"line":20,"column":15},"end":{"line":20,"column":21}},"loc":{"start":{"line":20,"column":32},"end":{"line":24,"column":null}}},"2":{"name":"downvote","decl":{"start":{"line":26,"column":15},"end":{"line":26,"column":23}},"loc":{"start":{"line":26,"column":34},"end":{"line":37,"column":null}}},"3":{"name":"getByIdOrFail","decl":{"start":{"line":39,"column":15},"end":{"line":39,"column":28}},"loc":{"start":{"line":39,"column":39},"end":{"line":44,"column":2}}},"4":{"name":"get","decl":{"start":{"line":46,"column":15},"end":{"line":46,"column":18}},"loc":{"start":{"line":46,"column":18},"end":{"line":48,"column":2}}},"5":{"name":"getTop","decl":{"start":{"line":50,"column":15},"end":{"line":50,"column":21}},"loc":{"start":{"line":50,"column":36},"end":{"line":52,"column":5}}},"6":{"name":"getRandom","decl":{"start":{"line":54,"column":15},"end":{"line":54,"column":24}},"loc":{"start":{"line":54,"column":24},"end":{"line":64,"column":null}}}},"branchMap":{"0":{"loc":{"start":{"line":14,"column":2},"end":{"line":15,"column":64}},"type":"if","locations":[{"start":{"line":14,"column":2},"end":{"line":15,"column":64}}]},"1":{"loc":{"start":{"line":34,"column":2},"end":{"line":36,"column":null}},"type":"if","locations":[{"start":{"line":34,"column":2},"end":{"line":36,"column":null}}]},"2":{"loc":{"start":{"line":41,"column":2},"end":{"line":41,"column":45}},"type":"if","locations":[{"start":{"line":41,"column":2},"end":{"line":41,"column":45}}]},"3":{"loc":{"start":{"line":59,"column":2},"end":{"line":61,"column":null}},"type":"if","locations":[{"start":{"line":59,"column":2},"end":{"line":61,"column":null}}]}},"s":{"0":1,"1":1,"2":1,"3":2,"4":2,"5":1,"6":1,"7":1,"8":0,"9":0,"10":0,"11":0,"12":0,"13":3,"14":3,"15":2,"16":1,"17":1,"18":1,"19":2,"20":2,"21":2,"22":2,"23":1,"24":1,"25":1,"26":1},"f":{"0":2,"1":1,"2":0,"3":3,"4":1,"5":1,"6":2},"b":{"0":[1],"1":[0],"2":[2],"3":[1]}}
}
